[debug] [2020-05-12T21:11:42.209Z] ----------------------------------------------------------------------
[debug] [2020-05-12T21:11:42.211Z] Command:       C:\Program Files\nodejs\node.exe C:\Users\rterry5\AppData\Roaming\npm\node_modules\firebase-tools\lib\bin\firebase.js deploy
[debug] [2020-05-12T21:11:42.211Z] CLI Version:   8.2.0
[debug] [2020-05-12T21:11:42.211Z] Platform:      win32
[debug] [2020-05-12T21:11:42.211Z] Node Version:  v12.13.1
[debug] [2020-05-12T21:11:42.212Z] Time:          Tue May 12 2020 14:11:42 GMT-0700 (Pacific Daylight Time)
[debug] [2020-05-12T21:11:42.212Z] ----------------------------------------------------------------------
[debug] [2020-05-12T21:11:42.213Z] 
[debug] [2020-05-12T21:11:42.220Z] > command requires scopes: ["email","openid","https://www.googleapis.com/auth/cloudplatformprojects.readonly","https://www.googleapis.com/auth/firebase","https://www.googleapis.com/auth/cloud-platform"]
[debug] [2020-05-12T21:11:42.220Z] > authorizing via signed-in user
[debug] [2020-05-12T21:11:42.221Z] [iam] checking project portfolio-6e93a for permissions ["cloudfunctions.functions.create","cloudfunctions.functions.delete","cloudfunctions.functions.get","cloudfunctions.functions.list","cloudfunctions.functions.update","cloudfunctions.operations.get","firebase.projects.get","firebasehosting.sites.update"]
[debug] [2020-05-12T21:11:42.223Z] >>> HTTP REQUEST POST https://cloudresourcemanager.googleapis.com/v1/projects/portfolio-6e93a:testIamPermissions  
 {"permissions":["cloudfunctions.functions.create","cloudfunctions.functions.delete","cloudfunctions.functions.get","cloudfunctions.functions.list","cloudfunctions.functions.update","cloudfunctions.operations.get","firebase.projects.get","firebasehosting.sites.update"]}
[debug] [2020-05-12T21:11:42.373Z] <<< HTTP RESPONSE 200 {"content-type":"application/json; charset=UTF-8","vary":"X-Origin, Referer, Origin,Accept-Encoding","date":"Tue, 12 May 2020 21:11:42 GMT","server":"ESF","cache-control":"private","x-xss-protection":"0","x-frame-options":"SAMEORIGIN","x-content-type-options":"nosniff","server-timing":"gfet4t7; dur=39","alt-svc":"h3-27=\":443\"; ma=2592000,h3-25=\":443\"; ma=2592000,h3-Q050=\":443\"; ma=2592000,h3-Q049=\":443\"; ma=2592000,h3-Q048=\":443\"; ma=2592000,h3-Q046=\":443\"; ma=2592000,h3-Q043=\":443\"; ma=2592000,quic=\":443\"; ma=2592000; v=\"46,43\"","accept-ranges":"none","transfer-encoding":"chunked"}
[debug] [2020-05-12T21:11:42.378Z] >>> HTTP REQUEST POST https://iam.googleapis.com/v1/projects/portfolio-6e93a/serviceAccounts/portfolio-6e93a@appspot.gserviceaccount.com:testIamPermissions  
 {"permissions":["iam.serviceAccounts.actAs"]}
[debug] [2020-05-12T21:11:42.585Z] <<< HTTP RESPONSE 200 {"content-type":"application/json; charset=UTF-8","vary":"X-Origin, Referer, Origin,Accept-Encoding","date":"Tue, 12 May 2020 21:11:42 GMT","server":"ESF","cache-control":"private","x-xss-protection":"0","x-frame-options":"SAMEORIGIN","x-content-type-options":"nosniff","alt-svc":"h3-27=\":443\"; ma=2592000,h3-25=\":443\"; ma=2592000,h3-T050=\":443\"; ma=2592000,h3-Q050=\":443\"; ma=2592000,h3-Q049=\":443\"; ma=2592000,h3-Q048=\":443\"; ma=2592000,h3-Q046=\":443\"; ma=2592000,h3-Q043=\":443\"; ma=2592000,quic=\":443\"; ma=2592000; v=\"46,43\"","accept-ranges":"none","transfer-encoding":"chunked"}
[debug] [2020-05-12T21:11:42.589Z] >>> HTTP REQUEST GET https://firebase.googleapis.com/v1beta1/projects/portfolio-6e93a  
 
[debug] [2020-05-12T21:11:42.773Z] <<< HTTP RESPONSE 200 {"content-type":"application/json; charset=UTF-8","vary":"X-Origin, Referer, Origin,Accept-Encoding","date":"Tue, 12 May 2020 21:11:42 GMT","server":"ESF","cache-control":"private","x-xss-protection":"0","x-frame-options":"SAMEORIGIN","x-content-type-options":"nosniff","alt-svc":"h3-27=\":443\"; ma=2592000,h3-25=\":443\"; ma=2592000,h3-Q050=\":443\"; ma=2592000,h3-Q049=\":443\"; ma=2592000,h3-Q048=\":443\"; ma=2592000,h3-Q046=\":443\"; ma=2592000,h3-Q043=\":443\"; ma=2592000,quic=\":443\"; ma=2592000; v=\"46,43\"","accept-ranges":"none","transfer-encoding":"chunked"}
[debug] [2020-05-12T21:11:42.887Z] TypeError [ERR_INVALID_ARG_TYPE]: The "path" argument must be of type string. Received type undefined
    at validateString (internal/validators.js:112:11)
    at Object.join (path.js:375:7)
    at Object.checkFunctionsSDKVersion [as fn] (C:\Users\rterry5\AppData\Roaming\npm\node_modules\firebase-tools\lib\checkFirebaseSDKVersion.js:33:28)
    at Command.<anonymous> (C:\Users\rterry5\AppData\Roaming\npm\node_modules\firebase-tools\lib\command.js:159:30)
    at Generator.next (<anonymous>)
    at fulfilled (C:\Users\rterry5\AppData\Roaming\npm\node_modules\firebase-tools\lib\command.js:5:58)
    at processTicksAndRejections (internal/process/task_queues.js:93:5)
[error] 
[error] Error: An unexpected error has occurred.
